TN:
SF:src/controllers/auth.controller.js
FN:14,(anonymous_0)
FN:65,(anonymous_1)
FN:94,(anonymous_2)
FN:119,(anonymous_3)
FN:143,(anonymous_4)
FNF:5
FNH:2
FNDA:5,(anonymous_0)
FNDA:4,(anonymous_1)
FNDA:0,(anonymous_2)
FNDA:0,(anonymous_3)
FNDA:0,(anonymous_4)
DA:1,2
DA:8,2
DA:12,2
DA:14,2
DA:22,5
DA:23,5
DA:30,1
DA:33,4
DA:34,1
DA:37,3
DA:38,3
DA:40,3
DA:48,2
DA:49,1
DA:52,1
DA:53,1
DA:60,1
DA:61,1
DA:65,2
DA:66,4
DA:68,4
DA:69,1
DA:72,3
DA:73,3
DA:74,3
DA:76,2
DA:77,1
DA:80,1
DA:82,1
DA:89,1
DA:90,1
DA:94,2
DA:95,0
DA:96,0
DA:97,0
DA:100,0
DA:101,0
DA:102,0
DA:104,0
DA:105,0
DA:111,0
DA:112,0
DA:114,0
DA:115,0
DA:119,2
DA:120,0
DA:121,0
DA:123,0
DA:124,0
DA:129,0
DA:130,0
DA:131,0
DA:132,0
DA:133,0
DA:136,0
DA:138,0
DA:139,0
DA:143,2
DA:144,0
DA:145,0
DA:147,0
DA:148,0
DA:150,0
DA:151,0
DA:152,0
DA:153,0
DA:154,0
DA:155,0
DA:157,0
DA:158,0
DA:165,0
DA:166,0
LF:72
LH:34
BRDA:23,0,0,1
BRDA:23,0,1,4
BRDA:24,1,0,5
BRDA:24,1,1,4
BRDA:24,1,2,4
BRDA:24,1,3,4
BRDA:24,1,4,4
BRDA:33,2,0,1
BRDA:33,2,1,3
BRDA:48,3,0,1
BRDA:48,3,1,1
BRDA:68,4,0,1
BRDA:68,4,1,3
BRDA:68,5,0,4
BRDA:68,5,1,3
BRDA:76,6,0,1
BRDA:76,6,1,1
BRDA:96,7,0,0
BRDA:96,7,1,0
BRDA:104,8,0,0
BRDA:104,8,1,0
BRDA:115,9,0,0
BRDA:115,9,1,0
BRDA:123,10,0,0
BRDA:123,10,1,0
BRDA:132,11,0,0
BRDA:132,11,1,0
BRDA:147,12,0,0
BRDA:147,12,1,0
BRDA:147,13,0,0
BRDA:147,13,1,0
BRDA:153,14,0,0
BRDA:153,14,1,0
BRF:33
BRH:17
end_of_record
TN:
SF:src/models/admin.model.js
FN:41,(anonymous_0)
FNF:1
FNH:0
FNDA:0,(anonymous_0)
DA:1,4
DA:3,4
DA:40,4
DA:42,0
DA:43,0
DA:44,0
DA:45,0
DA:49,4
DA:51,4
LF:9
LH:5
BRF:0
BRH:0
end_of_record
TN:
SF:src/models/otp.model.js
FNF:0
FNH:0
DA:1,4
DA:3,4
DA:24,4
DA:25,4
LF:4
LH:4
BRF:0
BRH:0
end_of_record
TN:
SF:src/services/auth.service.js
FN:20,(anonymous_0)
FN:52,(anonymous_1)
FN:79,(anonymous_2)
FN:108,(anonymous_3)
FN:132,(anonymous_4)
FNF:5
FNH:2
FNDA:3,(anonymous_0)
FNDA:5,(anonymous_1)
FNDA:0,(anonymous_2)
FNDA:0,(anonymous_3)
FNDA:0,(anonymous_4)
DA:1,4
DA:2,4
DA:4,4
DA:5,4
DA:6,4
DA:7,4
DA:13,4
DA:18,4
DA:20,4
DA:27,3
DA:28,3
DA:29,3
DA:30,2
DA:31,1
DA:34,1
DA:36,1
DA:44,1
DA:45,1
DA:47,1
DA:48,1
DA:52,4
DA:53,5
DA:54,5
DA:55,5
DA:57,4
DA:58,1
DA:62,3
DA:63,3
DA:65,2
DA:66,1
DA:69,1
DA:71,1
DA:72,1
DA:74,2
DA:75,2
DA:79,4
DA:81,0
DA:82,0
DA:84,0
DA:85,0
DA:86,0
DA:87,0
DA:92,0
DA:93,0
DA:94,0
DA:97,0
DA:99,0
DA:100,0
DA:103,0
DA:104,0
DA:108,4
DA:111,0
DA:112,0
DA:114,0
DA:115,0
DA:116,0
DA:118,0
DA:124,0
DA:125,0
DA:127,0
DA:128,0
DA:132,4
DA:135,0
DA:136,0
DA:139,0
DA:140,0
DA:141,0
DA:144,0
DA:149,0
DA:150,0
DA:151,0
DA:155,0
DA:156,0
DA:159,0
DA:161,0
DA:162,0
DA:164,0
DA:165,0
LF:78
LH:38
BRDA:30,0,0,1
BRDA:30,0,1,1
BRDA:57,1,0,1
BRDA:57,1,1,3
BRDA:65,2,0,1
BRDA:65,2,1,1
BRDA:85,3,0,0
BRDA:85,3,1,0
BRDA:93,4,0,0
BRDA:93,4,1,0
BRDA:115,5,0,0
BRDA:115,5,1,0
BRDA:139,6,0,0
BRDA:139,6,1,0
BRDA:149,7,0,0
BRDA:149,7,1,0
BRF:16
BRH:6
end_of_record
TN:
SF:src/services/otp.service.js
FN:5,(anonymous_0)
FN:28,(anonymous_1)
FNF:2
FNH:0
FNDA:0,(anonymous_0)
FNDA:0,(anonymous_1)
DA:1,4
DA:2,4
DA:3,4
DA:5,4
DA:6,0
DA:7,0
DA:14,0
DA:20,0
DA:21,0
DA:23,0
DA:24,0
DA:28,4
DA:29,0
DA:30,0
DA:36,0
DA:37,0
DA:38,0
DA:41,0
DA:42,0
DA:44,0
DA:45,0
DA:49,4
LF:22
LH:6
BRDA:36,0,0,0
BRDA:36,0,1,0
BRF:2
BRH:0
end_of_record
TN:
SF:src/utils/auth.utils.js
FN:5,(anonymous_0)
FN:10,(anonymous_1)
FN:14,(anonymous_2)
FN:19,(anonymous_3)
FNF:4
FNH:4
FNDA:1,(anonymous_0)
FNDA:2,(anonymous_1)
FNDA:1,(anonymous_2)
FNDA:2,(anonymous_3)
DA:1,5
DA:2,5
DA:3,5
DA:5,5
DA:6,1
DA:7,1
DA:10,5
DA:11,2
DA:14,5
DA:15,1
DA:19,5
DA:20,2
DA:21,2
DA:23,1
DA:24,1
LF:15
LH:15
BRF:0
BRH:0
end_of_record
TN:
SF:src/utils/logger.js
FN:6,(anonymous_0)
FNF:1
FNH:0
FNDA:0,(anonymous_0)
DA:1,5
DA:3,5
DA:5,5
DA:6,0
DA:9,5
DA:16,5
DA:34,5
LF:7
LH:6
BRF:0
BRH:0
end_of_record
TN:
SF:src/utils/mailer.utils.js
FN:18,(anonymous_0)
FNF:1
FNH:0
FNDA:0,(anonymous_0)
DA:1,4
DA:2,4
DA:3,4
DA:7,4
DA:18,4
DA:19,0
DA:20,0
DA:30,0
DA:32,0
DA:33,0
DA:37,4
LF:11
LH:6
BRF:0
BRH:0
end_of_record
TN:
SF:src/utils/responseHandler.js
FN:1,(anonymous_0)
FN:8,(anonymous_1)
FN:14,(anonymous_2)
FN:21,(anonymous_3)
FNF:4
FNH:2
FNDA:1,(anonymous_0)
FNDA:2,(anonymous_1)
FNDA:0,(anonymous_2)
FNDA:0,(anonymous_3)
DA:1,4
DA:8,4
DA:14,4
DA:15,0
DA:21,4
DA:22,0
DA:27,4
LF:7
LH:5
BRF:0
BRH:0
end_of_record
